Построение начато 21.05.2012 9:34:16.
     1>Проект "D:\C++\Program Files\2-ой семестр\файлы\файлы\файлы.vcxproj" в узле 2 (целевые объекты build).
     1>InitializeBuildStatus:
         Создание "Debug\файлы.unsuccessfulbuild", так как было задано "AlwaysCreate".
       ClCompile:
         Для всех выходных данных обновления не требуется.
         D:\Microsoft Visual Studio\VC\bin\CL.exe /c /ZI /nologo /W3 /WX- /Od /Oy- /D WIN32 /D _DEBUG /D _CONSOLE /D _UNICODE /D UNICODE /Gm /EHsc /RTC1 /MDd /GS /fp:precise /Zc:wchar_t /Zc:forScope /Yu"StdAfx.h" /Fp"Debug\файлы.pch" /Fo"Debug\\" /Fd"Debug\vc100.pdb" /Gd /TP /analyze- /errorReport:prompt "файлы.cpp"
         файлы.cpp
     1>d:\c++\program files\2-ой семестр\файлы\файлы\файлы.cpp(274): warning C4996: 'getch': The POSIX name for this item is deprecated. Instead, use the ISO C++ conformant name: _getch. See online help for details.
                 d:\microsoft visual studio\vc\include\conio.h(128): см. объявление "getch"
     1>d:\c++\program files\2-ой семестр\файлы\файлы\файлы.cpp(299): warning C4996: 'getch': The POSIX name for this item is deprecated. Instead, use the ISO C++ conformant name: _getch. See online help for details.
                 d:\microsoft visual studio\vc\include\conio.h(128): см. объявление "getch"
     1>d:\c++\program files\2-ой семестр\файлы\файлы\файлы.cpp(356): warning C4996: 'getch': The POSIX name for this item is deprecated. Instead, use the ISO C++ conformant name: _getch. See online help for details.
                 d:\microsoft visual studio\vc\include\conio.h(128): см. объявление "getch"
     1>d:\c++\program files\2-ой семестр\файлы\файлы\файлы.cpp(369): warning C4996: 'getch': The POSIX name for this item is deprecated. Instead, use the ISO C++ conformant name: _getch. See online help for details.
                 d:\microsoft visual studio\vc\include\conio.h(128): см. объявление "getch"
     1>d:\c++\program files\2-ой семестр\файлы\файлы\файлы.cpp(412): warning C4996: 'getch': The POSIX name for this item is deprecated. Instead, use the ISO C++ conformant name: _getch. See online help for details.
                 d:\microsoft visual studio\vc\include\conio.h(128): см. объявление "getch"
     1>d:\c++\program files\2-ой семестр\файлы\файлы\файлы.cpp(440): warning C4996: 'getch': The POSIX name for this item is deprecated. Instead, use the ISO C++ conformant name: _getch. See online help for details.
                 d:\microsoft visual studio\vc\include\conio.h(128): см. объявление "getch"
       ManifestResourceCompile:
         Для всех выходных данных обновления не требуется.
       Link:
         D:\Microsoft Visual Studio\VC\bin\link.exe /ERRORREPORT:PROMPT /OUT:"D:\C++\Program Files\2-ой семестр\файлы\Debug\файлы.exe" /INCREMENTAL /NOLOGO kernel32.lib user32.lib gdi32.lib winspool.lib comdlg32.lib advapi32.lib shell32.lib ole32.lib oleaut32.lib uuid.lib odbc32.lib odbccp32.lib /MANIFEST /ManifestFile:"Debug\файлы.exe.intermediate.manifest" /MANIFESTUAC:"level='asInvoker' uiAccess='false'" /DEBUG /PDB:"D:\C++\Program Files\2-ой семестр\файлы\Debug\файлы.pdb" /SUBSYSTEM:CONSOLE /TLBID:1 /DYNAMICBASE /NXCOMPAT /IMPLIB:"D:\C++\Program Files\2-ой семестр\файлы\Debug\файлы.lib" /MACHINE:X86 "Debug\файлы.exe.embed.manifest.res"
         Debug\stdafx.obj
         "Debug\файлы.obj"
       Manifest:
         C:\Program Files\Microsoft SDKs\Windows\v7.0A\bin\mt.exe /nologo /verbose /out:"Debug\файлы.exe.embed.manifest" /manifest "Debug\файлы.exe.intermediate.manifest"
         Для всех выходных данных обновления не требуется.
       LinkEmbedManifest:
         Для всех выходных данных обновления не требуется.
         файлы.vcxproj -> D:\C++\Program Files\2-ой семестр\файлы\Debug\файлы.exe
       FinalizeBuildStatus:
         Файл "Debug\файлы.unsuccessfulbuild" удаляется.
         Обращение к "Debug\файлы.lastbuildstate".
     1>Построение проекта "D:\C++\Program Files\2-ой семестр\файлы\файлы\файлы.vcxproj" завершено (целевые объекты build).

Построение успешно завершено.

Затраченное время: 00:00:02.14
